# JRE version: OpenJDK Runtime Environment (15.0.1+9) (build 15.0.1+9-18)
# Java VM: OpenJDK 64-Bit Server VM (15.0.1+9-18, mixed mode, tiered, compressed oops, g1 gc, windows-amd64)
GC Precious Log:
 CPUs: 8 total, 8 available
 Memory: 8071M
 Large Page Support: Disabled
 NUMA Support: Disabled
 Compressed Oops: Enabled (32-bit)
 Heap Region Size: 1M
 Heap Min Capacity: 8M
 Heap Initial Capacity: 128M
 Heap Max Capacity: 2018M
 Pre-touch: Disabled
 Parallel Workers: 8
 Concurrent Workers: 2
 Concurrent Refinement Workers: 8
 Periodic GC: Disabled
Heap:
 garbage-first heap   total 312320K, used 185424K [0x0000000081e00000, 0x0000000100000000)
  region size 1024K, 3 young (3072K), 2 survivors (2048K)
 Metaspace       used 30268K, capacity 30534K, committed 30720K, reserved 1077248K
  class space    used 3367K, capacity 3471K, committed 3584K, reserved 1048576K
GC Heap History (20 events):
Event: 4.022 GC heap before
{Heap before GC invocations=4 (full 0):
 garbage-first heap   total 34816K, used 10578K [0x0000000081e00000, 0x0000000100000000)
  region size 1024K, 7 young (7168K), 4 survivors (4096K)
 Metaspace       used 27715K, capacity 28006K, committed 28288K, reserved 1075200K
  class space    used 3069K, capacity 3142K, committed 3200K, reserved 1048576K
}
Event: 4.028 GC heap after
{Heap after GC invocations=5 (full 0):
 garbage-first heap   total 34816K, used 9102K [0x0000000081e00000, 0x0000000100000000)
  region size 1024K, 1 young (1024K), 1 survivors (1024K)
 Metaspace       used 27715K, capacity 28006K, committed 28288K, reserved 1075200K
  class space    used 3069K, capacity 3142K, committed 3200K, reserved 1048576K
}
Event: 6.954 GC heap before
{Heap before GC invocations=6 (full 0):
 garbage-first heap   total 48128K, used 33678K [0x0000000081e00000, 0x0000000100000000)
  region size 1024K, 9 young (9216K), 1 survivors (1024K)
 Metaspace       used 29911K, capacity 30144K, committed 30336K, reserved 1077248K
  class space    used 3322K, capacity 3406K, committed 3456K, reserved 1048576K
}
Event: 6.956 GC heap after
{Heap after GC invocations=7 (full 0):
 garbage-first heap   total 48128K, used 27085K [0x0000000081e00000, 0x0000000100000000)
  region size 1024K, 2 young (2048K), 2 survivors (2048K)
 Metaspace       used 29911K, capacity 30144K, committed 30336K, reserved 1077248K
  class space    used 3322K, capacity 3406K, committed 3456K, reserved 1048576K
}
Event: 9.128 GC heap before
{Heap before GC invocations=8 (full 0):
 garbage-first heap   total 78848K, used 44493K [0x0000000081e00000, 0x0000000100000000)
  region size 1024K, 3 young (3072K), 2 survivors (2048K)
 Metaspace       used 29927K, capacity 30176K, committed 30336K, reserved 1077248K
  class space    used 3325K, capacity 3438K, committed 3456K, reserved 1048576K
}
Event: 9.130 GC heap after
{Heap after GC invocations=9 (full 0):
 garbage-first heap   total 78848K, used 44886K [0x0000000081e00000, 0x0000000100000000)
  region size 1024K, 1 young (1024K), 1 survivors (1024K)
 Metaspace       used 29927K, capacity 30176K, committed 30336K, reserved 1077248K
  class space    used 3325K, capacity 3438K, committed 3456K, reserved 1048576K
}
Event: 17.547 GC heap before
{Heap before GC invocations=10 (full 0):
 garbage-first heap   total 107520K, used 64342K [0x0000000081e00000, 0x0000000100000000)
  region size 1024K, 4 young (4096K), 1 survivors (1024K)
 Metaspace       used 30198K, capacity 30470K, committed 30720K, reserved 1077248K
  class space    used 3365K, capacity 3471K, committed 3584K, reserved 1048576K
}
Event: 17.548 GC heap after
{Heap after GC invocations=11 (full 0):
 garbage-first heap   total 107520K, used 62393K [0x0000000081e00000, 0x0000000100000000)
  region size 1024K, 1 young (1024K), 1 survivors (1024K)
 Metaspace       used 30198K, capacity 30470K, committed 30720K, reserved 1077248K
  class space    used 3365K, capacity 3471K, committed 3584K, reserved 1048576K
}
Event: 17.607 GC heap before
{Heap before GC invocations=12 (full 0):
 garbage-first heap   total 135168K, used 79801K [0x0000000081e00000, 0x0000000100000000)
  region size 1024K, 2 young (2048K), 1 survivors (1024K)
 Metaspace       used 30212K, capacity 30470K, committed 30720K, reserved 1077248K
  class space    used 3366K, capacity 3471K, committed 3584K, reserved 1048576K
}
Event: 17.609 GC heap after
{Heap after GC invocations=13 (full 0):
 garbage-first heap   total 135168K, used 79976K [0x0000000081e00000, 0x0000000100000000)
  region size 1024K, 1 young (1024K), 1 survivors (1024K)
 Metaspace       used 30212K, capacity 30470K, committed 30720K, reserved 1077248K
  class space    used 3366K, capacity 3471K, committed 3584K, reserved 1048576K
}
Event: 17.922 GC heap before
{Heap before GC invocations=14 (full 0):
 garbage-first heap   total 165888K, used 97384K [0x0000000081e00000, 0x0000000100000000)
  region size 1024K, 2 young (2048K), 1 survivors (1024K)
 Metaspace       used 30231K, capacity 30534K, committed 30720K, reserved 1077248K
  class space    used 3367K, capacity 3471K, committed 3584K, reserved 1048576K
}
Event: 17.923 GC heap after
{Heap after GC invocations=15 (full 0):
 garbage-first heap   total 165888K, used 97559K [0x0000000081e00000, 0x0000000100000000)
  region size 1024K, 1 young (1024K), 1 survivors (1024K)
 Metaspace       used 30231K, capacity 30534K, committed 30720K, reserved 1077248K
  class space    used 3367K, capacity 3471K, committed 3584K, reserved 1048576K
}
Event: 18.900 GC heap before
{Heap before GC invocations=16 (full 0):
 garbage-first heap   total 194560K, used 115991K [0x0000000081e00000, 0x0000000100000000)
  region size 1024K, 3 young (3072K), 1 survivors (1024K)
 Metaspace       used 30241K, capacity 30534K, committed 30720K, reserved 1077248K
  class space    used 3367K, capacity 3471K, committed 3584K, reserved 1048576K
}
Event: 18.902 GC heap after
{Heap after GC invocations=17 (full 0):
 garbage-first heap   total 194560K, used 115198K [0x0000000081e00000, 0x0000000100000000)
  region size 1024K, 2 young (2048K), 2 survivors (2048K)
 Metaspace       used 30241K, capacity 30534K, committed 30720K, reserved 1077248K
  class space    used 3367K, capacity 3471K, committed 3584K, reserved 1048576K
}
Event: 19.002 GC heap before
{Heap before GC invocations=18 (full 0):
 garbage-first heap   total 225280K, used 132606K [0x0000000081e00000, 0x0000000100000000)
  region size 1024K, 3 young (3072K), 2 survivors (2048K)
 Metaspace       used 30247K, capacity 30534K, committed 30720K, reserved 1077248K
  class space    used 3367K, capacity 3471K, committed 3584K, reserved 1048576K
}
Event: 19.012 GC heap after
{Heap after GC invocations=19 (full 0):
 garbage-first heap   total 225280K, used 132753K [0x0000000081e00000, 0x0000000100000000)
  region size 1024K, 2 young (2048K), 2 survivors (2048K)
 Metaspace       used 30247K, capacity 30534K, committed 30720K, reserved 1077248K
  class space    used 3367K, capacity 3471K, committed 3584K, reserved 1048576K
}
Event: 19.637 GC heap before
{Heap before GC invocations=20 (full 0):
 garbage-first heap   total 254976K, used 151185K [0x0000000081e00000, 0x0000000100000000)
  region size 1024K, 4 young (4096K), 2 survivors (2048K)
 Metaspace       used 30255K, capacity 30534K, committed 30720K, reserved 1077248K
  class space    used 3367K, capacity 3471K, committed 3584K, reserved 1048576K
}
Event: 19.639 GC heap after
{Heap after GC invocations=21 (full 0):
 garbage-first heap   total 254976K, used 150369K [0x0000000081e00000, 0x0000000100000000)
  region size 1024K, 2 young (2048K), 2 survivors (2048K)
 Metaspace       used 30255K, capacity 30534K, committed 30720K, reserved 1077248K
  class space    used 3367K, capacity 3471K, committed 3584K, reserved 1048576K
}
Event: 20.387 GC heap before
{Heap before GC invocations=22 (full 0):
 garbage-first heap   total 283648K, used 168801K [0x0000000081e00000, 0x0000000100000000)
  region size 1024K, 4 young (4096K), 2 survivors (2048K)
 Metaspace       used 30268K, capacity 30534K, committed 30720K, reserved 1077248K
  class space    used 3367K, capacity 3471K, committed 3584K, reserved 1048576K
}
Event: 20.388 GC heap after
{Heap after GC invocations=23 (full 0):
 garbage-first heap   total 283648K, used 168016K [0x0000000081e00000, 0x0000000100000000)
  region size 1024K, 2 young (2048K), 2 survivors (2048K)
 Metaspace       used 30268K, capacity 30534K, committed 30720K, reserved 1077248K
  class space    used 3367K, capacity 3471K, committed 3584K, reserved 1048576K
}

