# JRE version: OpenJDK Runtime Environment (15.0.1+9) (build 15.0.1+9-18)
# Java VM: OpenJDK 64-Bit Server VM (15.0.1+9-18, mixed mode, tiered, compressed oops, g1 gc, windows-amd64)
GC Precious Log:
 CPUs: 8 total, 8 available
 Memory: 8071M
 Large Page Support: Disabled
 NUMA Support: Disabled
 Compressed Oops: Enabled (32-bit)
 Heap Region Size: 1M
 Heap Min Capacity: 8M
 Heap Initial Capacity: 128M
 Heap Max Capacity: 2018M
 Pre-touch: Disabled
 Parallel Workers: 8
 Concurrent Workers: 2
 Concurrent Refinement Workers: 8
 Periodic GC: Disabled
Heap:
 garbage-first heap   total 370688K, used 220540K [0x0000000081e00000, 0x0000000100000000)
  region size 1024K, 3 young (3072K), 3 survivors (3072K)
 Metaspace       used 30291K, capacity 30534K, committed 30720K, reserved 1077248K
  class space    used 3368K, capacity 3471K, committed 3584K, reserved 1048576K
GC Heap History (20 events):
Event: 9.830 GC heap before
{Heap before GC invocations=8 (full 0):
 garbage-first heap   total 78848K, used 44419K [0x0000000081e00000, 0x0000000100000000)
  region size 1024K, 3 young (3072K), 2 survivors (2048K)
 Metaspace       used 29932K, capacity 30176K, committed 30336K, reserved 1077248K
  class space    used 3326K, capacity 3438K, committed 3456K, reserved 1048576K
}
Event: 9.832 GC heap after
{Heap after GC invocations=9 (full 0):
 garbage-first heap   total 78848K, used 44743K [0x0000000081e00000, 0x0000000100000000)
  region size 1024K, 1 young (1024K), 1 survivors (1024K)
 Metaspace       used 29932K, capacity 30176K, committed 30336K, reserved 1077248K
  class space    used 3326K, capacity 3438K, committed 3456K, reserved 1048576K
}
Event: 19.441 GC heap before
{Heap before GC invocations=10 (full 0):
 garbage-first heap   total 107520K, used 64199K [0x0000000081e00000, 0x0000000100000000)
  region size 1024K, 4 young (4096K), 1 survivors (1024K)
 Metaspace       used 30196K, capacity 30470K, committed 30720K, reserved 1077248K
  class space    used 3366K, capacity 3471K, committed 3584K, reserved 1048576K
}
Event: 19.443 GC heap after
{Heap after GC invocations=11 (full 0):
 garbage-first heap   total 107520K, used 62309K [0x0000000081e00000, 0x0000000100000000)
  region size 1024K, 1 young (1024K), 1 survivors (1024K)
 Metaspace       used 30196K, capacity 30470K, committed 30720K, reserved 1077248K
  class space    used 3366K, capacity 3471K, committed 3584K, reserved 1048576K
}
Event: 19.492 GC heap before
{Heap before GC invocations=12 (full 0):
 garbage-first heap   total 137216K, used 79717K [0x0000000081e00000, 0x0000000100000000)
  region size 1024K, 2 young (2048K), 1 survivors (1024K)
 Metaspace       used 30210K, capacity 30470K, committed 30720K, reserved 1077248K
  class space    used 3366K, capacity 3471K, committed 3584K, reserved 1048576K
}
Event: 19.493 GC heap after
{Heap after GC invocations=13 (full 0):
 garbage-first heap   total 137216K, used 79886K [0x0000000081e00000, 0x0000000100000000)
  region size 1024K, 1 young (1024K), 1 survivors (1024K)
 Metaspace       used 30210K, capacity 30470K, committed 30720K, reserved 1077248K
  class space    used 3366K, capacity 3471K, committed 3584K, reserved 1048576K
}
Event: 19.813 GC heap before
{Heap before GC invocations=14 (full 0):
 garbage-first heap   total 165888K, used 97294K [0x0000000081e00000, 0x0000000100000000)
  region size 1024K, 2 young (2048K), 1 survivors (1024K)
 Metaspace       used 30232K, capacity 30534K, committed 30720K, reserved 1077248K
  class space    used 3368K, capacity 3471K, committed 3584K, reserved 1048576K
}
Event: 19.815 GC heap after
{Heap after GC invocations=15 (full 0):
 garbage-first heap   total 165888K, used 97487K [0x0000000081e00000, 0x0000000100000000)
  region size 1024K, 1 young (1024K), 1 survivors (1024K)
 Metaspace       used 30232K, capacity 30534K, committed 30720K, reserved 1077248K
  class space    used 3368K, capacity 3471K, committed 3584K, reserved 1048576K
}
Event: 23.176 GC heap before
{Heap before GC invocations=16 (full 0):
 garbage-first heap   total 194560K, used 115919K [0x0000000081e00000, 0x0000000100000000)
  region size 1024K, 3 young (3072K), 1 survivors (1024K)
 Metaspace       used 30243K, capacity 30534K, committed 30720K, reserved 1077248K
  class space    used 3368K, capacity 3471K, committed 3584K, reserved 1048576K
}
Event: 23.179 GC heap after
{Heap after GC invocations=17 (full 0):
 garbage-first heap   total 194560K, used 115064K [0x0000000081e00000, 0x0000000100000000)
  region size 1024K, 2 young (2048K), 2 survivors (2048K)
 Metaspace       used 30243K, capacity 30534K, committed 30720K, reserved 1077248K
  class space    used 3368K, capacity 3471K, committed 3584K, reserved 1048576K
}
Event: 23.380 GC heap before
{Heap before GC invocations=18 (full 0):
 garbage-first heap   total 225280K, used 132472K [0x0000000081e00000, 0x0000000100000000)
  region size 1024K, 3 young (3072K), 2 survivors (2048K)
 Metaspace       used 30249K, capacity 30534K, committed 30720K, reserved 1077248K
  class space    used 3368K, capacity 3471K, committed 3584K, reserved 1048576K
}
Event: 23.383 GC heap after
{Heap after GC invocations=19 (full 0):
 garbage-first heap   total 225280K, used 132655K [0x0000000081e00000, 0x0000000100000000)
  region size 1024K, 2 young (2048K), 2 survivors (2048K)
 Metaspace       used 30249K, capacity 30534K, committed 30720K, reserved 1077248K
  class space    used 3368K, capacity 3471K, committed 3584K, reserved 1048576K
}
Event: 24.017 GC heap before
{Heap before GC invocations=20 (full 0):
 garbage-first heap   total 254976K, used 151087K [0x0000000081e00000, 0x0000000100000000)
  region size 1024K, 4 young (4096K), 2 survivors (2048K)
 Metaspace       used 30258K, capacity 30534K, committed 30720K, reserved 1077248K
  class space    used 3368K, capacity 3471K, committed 3584K, reserved 1048576K
}
Event: 24.019 GC heap after
{Heap after GC invocations=21 (full 0):
 garbage-first heap   total 254976K, used 150278K [0x0000000081e00000, 0x0000000100000000)
  region size 1024K, 2 young (2048K), 2 survivors (2048K)
 Metaspace       used 30258K, capacity 30534K, committed 30720K, reserved 1077248K
  class space    used 3368K, capacity 3471K, committed 3584K, reserved 1048576K
}
Event: 25.565 GC heap before
{Heap before GC invocations=22 (full 0):
 garbage-first heap   total 283648K, used 168710K [0x0000000081e00000, 0x0000000100000000)
  region size 1024K, 4 young (4096K), 2 survivors (2048K)
 Metaspace       used 30269K, capacity 30534K, committed 30720K, reserved 1077248K
  class space    used 3368K, capacity 3471K, committed 3584K, reserved 1048576K
}
Event: 25.587 GC heap after
{Heap after GC invocations=23 (full 0):
 garbage-first heap   total 283648K, used 167837K [0x0000000081e00000, 0x0000000100000000)
  region size 1024K, 2 young (2048K), 2 survivors (2048K)
 Metaspace       used 30269K, capacity 30534K, committed 30720K, reserved 1077248K
  class space    used 3368K, capacity 3471K, committed 3584K, reserved 1048576K
}
Event: 26.393 GC heap before
{Heap before GC invocations=24 (full 0):
 garbage-first heap   total 311296K, used 185245K [0x0000000081e00000, 0x0000000100000000)
  region size 1024K, 3 young (3072K), 2 survivors (2048K)
 Metaspace       used 30278K, capacity 30534K, committed 30720K, reserved 1077248K
  class space    used 3368K, capacity 3471K, committed 3584K, reserved 1048576K
}
Event: 26.394 GC heap after
{Heap after GC invocations=25 (full 0):
 garbage-first heap   total 311296K, used 185436K [0x0000000081e00000, 0x0000000100000000)
  region size 1024K, 2 young (2048K), 2 survivors (2048K)
 Metaspace       used 30278K, capacity 30534K, committed 30720K, reserved 1077248K
  class space    used 3368K, capacity 3471K, committed 3584K, reserved 1048576K
}
Event: 26.677 GC heap before
{Heap before GC invocations=26 (full 0):
 garbage-first heap   total 342016K, used 203868K [0x0000000081e00000, 0x0000000100000000)
  region size 1024K, 4 young (4096K), 2 survivors (2048K)
 Metaspace       used 30291K, capacity 30534K, committed 30720K, reserved 1077248K
  class space    used 3368K, capacity 3471K, committed 3584K, reserved 1048576K
}
Event: 26.708 GC heap after
{Heap after GC invocations=27 (full 0):
 garbage-first heap   total 342016K, used 203132K [0x0000000081e00000, 0x0000000100000000)
  region size 1024K, 3 young (3072K), 3 survivors (3072K)
 Metaspace       used 30291K, capacity 30534K, committed 30720K, reserved 1077248K
  class space    used 3368K, capacity 3471K, committed 3584K, reserved 1048576K
}

