<?xml version="1.0" encoding="UTF-8"?>
<testng-results ignored="0" total="3" passed="2" failed="1" skipped="0">
  <reporter-output>
  </reporter-output>
  <suite started-at="2022-04-18T01:50:18 EET" name="Default suite" finished-at="2022-04-18T01:51:08 EET" duration-ms="50584">
    <groups>
    </groups>
    <test started-at="2022-04-18T01:50:18 EET" name="Default test" finished-at="2022-04-18T01:51:08 EET" duration-ms="50584">
      <class name="tests.SearchYoutube">
        <test-method is-config="true" signature="setup()[pri:0, instance:tests.SearchYoutube@1cbb87f3]" started-at="2022-04-18T01:50:18 EET" name="setup" finished-at="2022-04-18T01:50:27 EET" duration-ms="9378" status="PASS">
          <reporter-output>
          </reporter-output>
        </test-method> <!-- setup -->
        <test-method signature="searchYoutube(java.lang.String)[pri:0, instance:tests.SearchYoutube@1cbb87f3]" started-at="2022-04-18T01:50:27 EET" name="searchYoutube" data-provider="searchData" finished-at="2022-04-18T01:50:34 EET" duration-ms="6344" status="PASS">
          <params>
            <param index="0">
              <value>
                <![CDATA[Selenium Tutorial]]>
              </value>
            </param>
          </params>
          <reporter-output>
          </reporter-output>
        </test-method> <!-- searchYoutube -->
        <test-method is-config="true" signature="stopDriver()[pri:0, instance:tests.SearchYoutube@1cbb87f3]" started-at="2022-04-18T01:50:34 EET" name="stopDriver" finished-at="2022-04-18T01:50:35 EET" duration-ms="890" status="PASS">
          <reporter-output>
          </reporter-output>
        </test-method> <!-- stopDriver -->
        <test-method is-config="true" signature="setup()[pri:0, instance:tests.SearchYoutube@1cbb87f3]" started-at="2022-04-18T01:50:35 EET" name="setup" finished-at="2022-04-18T01:50:43 EET" duration-ms="8537" status="PASS">
          <reporter-output>
          </reporter-output>
        </test-method> <!-- setup -->
        <test-method signature="searchYoutube(java.lang.String)[pri:0, instance:tests.SearchYoutube@1cbb87f3]" started-at="2022-04-18T01:50:43 EET" name="searchYoutube" data-provider="searchData" finished-at="2022-04-18T01:50:50 EET" duration-ms="6997" status="PASS">
          <params>
            <param index="0">
              <value>
                <![CDATA[Test Automation Tutorial]]>
              </value>
            </param>
          </params>
          <reporter-output>
          </reporter-output>
        </test-method> <!-- searchYoutube -->
        <test-method is-config="true" signature="stopDriver()[pri:0, instance:tests.SearchYoutube@1cbb87f3]" started-at="2022-04-18T01:50:50 EET" name="stopDriver" finished-at="2022-04-18T01:50:51 EET" duration-ms="1085" status="PASS">
          <reporter-output>
          </reporter-output>
        </test-method> <!-- stopDriver -->
        <test-method is-config="true" signature="setup()[pri:0, instance:tests.SearchYoutube@1cbb87f3]" started-at="2022-04-18T01:50:51 EET" name="setup" finished-at="2022-04-18T01:51:00 EET" duration-ms="8597" status="PASS">
          <reporter-output>
          </reporter-output>
        </test-method> <!-- setup -->
        <test-method signature="searchTenthVideo()[pri:1, instance:tests.SearchYoutube@1cbb87f3]" started-at="2022-04-18T01:51:00 EET" name="searchTenthVideo" finished-at="2022-04-18T01:51:07 EET" duration-ms="7618" status="FAIL">
          <exception class="org.openqa.selenium.NoSuchSessionException">
            <message>
              <![CDATA[Session ID is null. Using WebDriver after calling quit()?
Build info: version: '4.1.2', revision: '9a5a329c5a'
System info: host: 'DESKTOP-EQ1ID6D', ip: '192.168.1.8', os.name: 'Windows 10', os.arch: 'amd64', os.version: '10.0', java.version: '15.0.1'
Driver info: org.openqa.selenium.chrome.ChromeDriver
Command: [null, findElement {using=css selector, value=h1.title.style-scope.ytd-video-primary-info-renderer > yt-formatted-string.style-scope.ytd-video-primary-info-renderer>span}]
Capabilities {acceptInsecureCerts: false, acceptSslCerts: false, applicationCacheEnabled: false, browserConnectionEnabled: false, browserName: chrome, chrome: {chromedriverVersion: 2.38.552522 (437e6fbedfa876..., userDataDir: C:\Users\Nourhan\AppData\Lo...}, cssSelectorsEnabled: true, databaseEnabled: false, handlesAlerts: true, hasTouchScreen: false, javascriptEnabled: true, locationContextEnabled: true, mobileEmulationEnabled: false, nativeEvents: true, networkConnectionEnabled: false, pageLoadStrategy: normal, platform: XP, platformName: XP, rotatable: false, setWindowRect: true, takesHeapSnapshot: true, takesScreenshot: true, unexpectedAlertBehaviour: , unhandledPromptBehavior: , version: 100.0.4896.88, webStorageEnabled: true}]]>
            </message>
            <full-stacktrace>
              <![CDATA[org.openqa.selenium.NoSuchSessionException: Session ID is null. Using WebDriver after calling quit()?
Build info: version: '4.1.2', revision: '9a5a329c5a'
System info: host: 'DESKTOP-EQ1ID6D', ip: '192.168.1.8', os.name: 'Windows 10', os.arch: 'amd64', os.version: '10.0', java.version: '15.0.1'
Driver info: org.openqa.selenium.chrome.ChromeDriver
Command: [null, findElement {using=css selector, value=h1.title.style-scope.ytd-video-primary-info-renderer > yt-formatted-string.style-scope.ytd-video-primary-info-renderer>span}]
Capabilities {acceptInsecureCerts: false, acceptSslCerts: false, applicationCacheEnabled: false, browserConnectionEnabled: false, browserName: chrome, chrome: {chromedriverVersion: 2.38.552522 (437e6fbedfa876..., userDataDir: C:\Users\Nourhan\AppData\Lo...}, cssSelectorsEnabled: true, databaseEnabled: false, handlesAlerts: true, hasTouchScreen: false, javascriptEnabled: true, locationContextEnabled: true, mobileEmulationEnabled: false, nativeEvents: true, networkConnectionEnabled: false, pageLoadStrategy: normal, platform: XP, platformName: XP, rotatable: false, setWindowRect: true, takesHeapSnapshot: true, takesScreenshot: true, unexpectedAlertBehaviour: , unhandledPromptBehavior: , version: 100.0.4896.88, webStorageEnabled: true}
at org.openqa.selenium.remote.HttpCommandExecutor.execute(HttpCommandExecutor.java:145)
at org.openqa.selenium.remote.service.DriverCommandExecutor.invokeExecute(DriverCommandExecutor.java:167)
at org.openqa.selenium.remote.service.DriverCommandExecutor.execute(DriverCommandExecutor.java:142)
at org.openqa.selenium.remote.RemoteWebDriver.execute(RemoteWebDriver.java:558)
at org.openqa.selenium.remote.ElementLocation$ElementFinder$2.findElement(ElementLocation.java:162)
at org.openqa.selenium.remote.ElementLocation.findElement(ElementLocation.java:60)
at org.openqa.selenium.remote.RemoteWebDriver.findElement(RemoteWebDriver.java:382)
at org.openqa.selenium.remote.RemoteWebDriver.findElement(RemoteWebDriver.java:374)
at org.openqa.selenium.support.pagefactory.DefaultElementLocator.findElement(DefaultElementLocator.java:70)
at org.openqa.selenium.support.pagefactory.internal.LocatingElementHandler.invoke(LocatingElementHandler.java:39)
at com.sun.proxy.$Proxy17.getAttribute(Unknown Source)
at org.openqa.selenium.support.ui.ExpectedConditions.getAttributeOrCssValue(ExpectedConditions.java:1182)
at org.openqa.selenium.support.ui.ExpectedConditions.lambda$attributeToBeNotEmpty$0(ExpectedConditions.java:1178)
at org.openqa.selenium.support.ui.FluentWait.until(FluentWait.java:208)
at pages.SearchResultPage.waitUntilFiltersButtonNotVisible(SearchResultPage.java:41)
at tests.SearchYoutube.searchTenthVideo(SearchYoutube.java:82)
at java.base/jdk.internal.reflect.NativeMethodAccessorImpl.invoke0(Native Method)
at java.base/jdk.internal.reflect.NativeMethodAccessorImpl.invoke(NativeMethodAccessorImpl.java:64)
at java.base/jdk.internal.reflect.DelegatingMethodAccessorImpl.invoke(DelegatingMethodAccessorImpl.java:43)
at java.base/java.lang.reflect.Method.invoke(Method.java:564)
at org.testng.internal.MethodInvocationHelper.invokeMethod(MethodInvocationHelper.java:132)
at org.testng.internal.TestInvoker.invokeMethod(TestInvoker.java:599)
at org.testng.internal.TestInvoker.invokeTestMethod(TestInvoker.java:174)
at org.testng.internal.MethodRunner.runInSequence(MethodRunner.java:46)
at org.testng.internal.TestInvoker$MethodInvocationAgent.invoke(TestInvoker.java:822)
at org.testng.internal.TestInvoker.invokeTestMethods(TestInvoker.java:147)
at org.testng.internal.TestMethodWorker.invokeTestMethods(TestMethodWorker.java:146)
at org.testng.internal.TestMethodWorker.run(TestMethodWorker.java:128)
at java.base/java.util.ArrayList.forEach(ArrayList.java:1511)
at org.testng.TestRunner.privateRun(TestRunner.java:764)
at org.testng.TestRunner.run(TestRunner.java:585)
at org.testng.SuiteRunner.runTest(SuiteRunner.java:384)
at org.testng.SuiteRunner.runSequentially(SuiteRunner.java:378)
at org.testng.SuiteRunner.privateRun(SuiteRunner.java:337)
at org.testng.SuiteRunner.run(SuiteRunner.java:286)
at org.testng.SuiteRunnerWorker.runSuite(SuiteRunnerWorker.java:53)
at org.testng.SuiteRunnerWorker.run(SuiteRunnerWorker.java:96)
at org.testng.TestNG.runSuitesSequentially(TestNG.java:1218)
at org.testng.TestNG.runSuitesLocally(TestNG.java:1140)
at org.testng.TestNG.runSuites(TestNG.java:1069)
at org.testng.TestNG.run(TestNG.java:1037)
at org.testng.remote.AbstractRemoteTestNG.run(AbstractRemoteTestNG.java:115)
at org.testng.remote.RemoteTestNG.initAndRun(RemoteTestNG.java:251)
at org.testng.remote.RemoteTestNG.main(RemoteTestNG.java:77)
]]>
            </full-stacktrace>
          </exception> <!-- org.openqa.selenium.NoSuchSessionException -->
          <reporter-output>
          </reporter-output>
        </test-method> <!-- searchTenthVideo -->
        <test-method is-config="true" signature="stopDriver()[pri:0, instance:tests.SearchYoutube@1cbb87f3]" started-at="2022-04-18T01:51:07 EET" name="stopDriver" finished-at="2022-04-18T01:51:08 EET" duration-ms="1087" status="PASS">
          <reporter-output>
          </reporter-output>
        </test-method> <!-- stopDriver -->
      </class> <!-- tests.SearchYoutube -->
    </test> <!-- Default test -->
  </suite> <!-- Default suite -->
</testng-results>
